<?xml version="1.0" encoding="UTF-8"?>
<!-- Generated by org.testng.reporters.JUnitXMLReporter -->
<testsuite hostname="LTIN424250" name="Default test" tests="4" failures="0" timestamp="29 Jul 2024 07:43:42 GMT" time="7.476" errors="0">
  <testcase name="testPostUser" time="2.557" classname="api.test.UserTests"/>
  <testcase name="testGetUser" time="1.073" classname="api.test.UserTests"/>
  <testcase name="testUpdateUser" time="2.138" classname="api.test.UserTests"/>
  <testcase name="testDeleteUser" time="1.078" classname="api.test.UserTests"/>
</testsuite> <!-- Default test -->
