<?xml version="1.0" encoding="UTF-8"?>
<!-- Generated by org.testng.reporters.JUnitXMLReporter -->
<testsuite hostname="LTIN424250" name="Test" tests="4" failures="4" timestamp="30 Jul 2024 05:06:50 GMT" time="1.519" errors="0">
  <testcase name="testPostUser" time="0.004" classname="api.test.UserTests">
    <failure type="java.lang.AbstractMethodError">
      <![CDATA[java.lang.AbstractMethodError
... Removed 21 stack frames]]>
    </failure>
  </testcase> <!-- testPostUser -->
  <testcase name="testGetUser" time="0.0" classname="api.test.UserTests">
    <failure type="java.lang.AbstractMethodError">
      <![CDATA[java.lang.AbstractMethodError
... Removed 21 stack frames]]>
    </failure>
  </testcase> <!-- testGetUser -->
  <testcase name="testUpdateUser" time="0.0" classname="api.test.UserTests">
    <failure type="java.lang.AbstractMethodError">
      <![CDATA[java.lang.AbstractMethodError
... Removed 21 stack frames]]>
    </failure>
  </testcase> <!-- testUpdateUser -->
  <testcase name="testDeleteUser" time="0.0" classname="api.test.UserTests">
    <failure type="java.lang.AbstractMethodError">
      <![CDATA[java.lang.AbstractMethodError
... Removed 21 stack frames]]>
    </failure>
  </testcase> <!-- testDeleteUser -->
</testsuite> <!-- Test -->
