<?xml version="1.0" encoding="UTF-8"?>
<testng-results skipped="0" failed="0" ignored="0" total="4" passed="4">
  <reporter-output>
  </reporter-output>
  <suite name="PetSuite" duration-ms="12856" started-at="2024-07-31T21:17:51 IST" finished-at="2024-07-31T21:18:04 IST">
    <groups>
    </groups>
    <test name="PetTests" duration-ms="12856" started-at="2024-07-31T21:17:51 IST" finished-at="2024-07-31T21:18:04 IST">
      <class name="api.test.UserTests2">
        <test-method status="PASS" signature="setUpData()[pri:0, instance:api.test.UserTests2@32709393]" name="setUpData" is-config="true" duration-ms="1145" started-at="2024-07-31T21:17:51 IST" finished-at="2024-07-31T21:17:52 IST">
          <reporter-output>
          </reporter-output>
        </test-method> <!-- setUpData -->
        <test-method status="PASS" signature="testPostUser()[pri:1, instance:api.test.UserTests2@32709393]" name="testPostUser" duration-ms="3994" started-at="2024-07-31T21:17:52 IST" finished-at="2024-07-31T21:17:56 IST">
          <reporter-output>
          </reporter-output>
        </test-method> <!-- testPostUser -->
        <test-method status="PASS" signature="testGetUser()[pri:2, instance:api.test.UserTests2@32709393]" name="testGetUser" duration-ms="1660" started-at="2024-07-31T21:17:56 IST" finished-at="2024-07-31T21:17:58 IST">
          <reporter-output>
          </reporter-output>
        </test-method> <!-- testGetUser -->
        <test-method status="PASS" signature="testUpdateUser()[pri:3, instance:api.test.UserTests2@32709393]" name="testUpdateUser" duration-ms="4424" started-at="2024-07-31T21:17:58 IST" finished-at="2024-07-31T21:18:02 IST">
          <reporter-output>
          </reporter-output>
        </test-method> <!-- testUpdateUser -->
        <test-method status="PASS" signature="testDeleteUser()[pri:4, instance:api.test.UserTests2@32709393]" name="testDeleteUser" duration-ms="1235" started-at="2024-07-31T21:18:02 IST" finished-at="2024-07-31T21:18:04 IST">
          <reporter-output>
          </reporter-output>
        </test-method> <!-- testDeleteUser -->
      </class> <!-- api.test.UserTests2 -->
    </test> <!-- PetTests -->
  </suite> <!-- PetSuite -->
</testng-results>
