<?xml version="1.0" encoding="UTF-8"?>
<!-- Generated by org.testng.reporters.JUnitXMLReporter -->
<testsuite hostname="LTIN424250" ignored="0" name="PetTests" tests="4" failures="0" timestamp="2024-07-31T21:18:04 IST" time="12.856" errors="0">
  <testcase name="testPostUser" time="3.994" classname="api.test.UserTests2"/>
  <testcase name="testGetUser" time="1.66" classname="api.test.UserTests2"/>
  <testcase name="testUpdateUser" time="4.424" classname="api.test.UserTests2"/>
  <testcase name="testDeleteUser" time="1.235" classname="api.test.UserTests2"/>
</testsuite> <!-- PetTests -->
